This is pdfTeX, Version 3.141592653-2.6-1.40.22 (TeX Live 2022/dev/Debian) (preloaded format=pdflatex 2026.3.5)  2 APR 2026 07:33
entering extended mode
 restricted \write18 enabled.
 file:line:error style messages enabled.
 %&-line parsing enabled.
**/home/elis/Projects/School/ai201/nn/latex/PA2_Juan_dela_Cruz.tex
(/home/elis/Projects/School/ai201/nn/latex/PA2_Juan_dela_Cruz.tex
LaTeX2e <2021-11-15> patch level 1
L3 programming layer <2022-01-21> (./acm_proc_article-sp.cls (/usr/share/texlive/texmf-dist/tex/latex/graphics/epsfig.sty
Package: epsfig 2017/06/25 v1.7b (e)psfig emulation (SPQR)
 (/usr/share/texlive/texmf-dist/tex/latex/graphics/graphicx.sty
Package: graphicx 2021/09/16 v1.2d Enhanced LaTeX Graphics (DPC,SPQR)
 (/usr/share/texlive/texmf-dist/tex/latex/graphics/keyval.sty
Package: keyval 2014/10/28 v1.15 key=value parser (DPC)
\KV@toks@=\toks16
) (/usr/share/texlive/texmf-dist/tex/latex/graphics/graphics.sty
Package: graphics 2021/03/04 v1.4d Standard LaTeX Graphics (DPC,SPQR)
 (/usr/share/texlive/texmf-dist/tex/latex/graphics/trig.sty
Package: trig 2021/08/11 v1.11 sin cos tan (DPC)
) (/usr/share/texlive/texmf-dist/tex/latex/graphics-cfg/graphics.cfg
File: graphics.cfg 2016/06/04 v1.11 sample graphics configuration
)
Package graphics Info: Driver file: pdftex.def on input line 107.
 (/usr/share/texlive/texmf-dist/tex/latex/graphics-def/pdftex.def
File: pdftex.def 2020/10/05 v1.2a Graphics/color driver for pdftex
))
\Gin@req@height=\dimen138
\Gin@req@width=\dimen139
)
\epsfxsize=\dimen140
\epsfysize=\dimen141
) (/usr/share/texlive/texmf-dist/tex/latex/amsfonts/amssymb.sty
Package: amssymb 2013/01/14 v3.01 AMS font symbols
 (/usr/share/texlive/texmf-dist/tex/latex/amsfonts/amsfonts.sty
Package: amsfonts 2013/01/14 v3.01 Basic AMSFonts support
\@emptytoks=\toks17
\symAMSa=\mathgroup4
\symAMSb=\mathgroup5
LaTeX Font Info:    Redeclaring math symbol \hbar on input line 98.
LaTeX Font Info:    Overwriting math alphabet `\mathfrak' in version `bold'
(Font)                  U/euf/m/n --> U/euf/b/n on input line 106.
)) (/usr/share/texlive/texmf-dist/tex/latex/amsmath/amsmath.sty
Package: amsmath 2021/10/15 v2.17l AMS math features
\@mathmargin=\skip47

For additional information on amsmath, use the `?' option.
(/usr/share/texlive/texmf-dist/tex/latex/amsmath/amstext.sty
Package: amstext 2021/08/26 v2.01 AMS text
 (/usr/share/texlive/texmf-dist/tex/latex/amsmath/amsgen.sty
File: amsgen.sty 1999/11/30 v2.0 generic functions
\@emptytoks=\toks18
\ex@=\dimen142
)) (/usr/share/texlive/texmf-dist/tex/latex/amsmath/amsbsy.sty
Package: amsbsy 1999/11/29 v1.2d Bold Symbols
\pmbraise@=\dimen143
) (/usr/share/texlive/texmf-dist/tex/latex/amsmath/amsopn.sty
Package: amsopn 2021/08/26 v2.02 operator names
)
\inf@bad=\count185
LaTeX Info: Redefining \frac on input line 234.
\uproot@=\count186
\leftroot@=\count187
LaTeX Info: Redefining \overline on input line 399.
\classnum@=\count188
\DOTSCASE@=\count189
LaTeX Info: Redefining \ldots on input line 496.
LaTeX Info: Redefining \dots on input line 499.
LaTeX Info: Redefining \cdots on input line 620.
\Mathstrutbox@=\box50
\strutbox@=\box51
\big@size=\dimen144
LaTeX Font Info:    Redeclaring font encoding OML on input line 743.
LaTeX Font Info:    Redeclaring font encoding OMS on input line 744.
\macc@depth=\count190
\c@MaxMatrixCols=\count191
\dotsspace@=\muskip16
\c@parentequation=\count192
\dspbrk@lvl=\count193
\tag@help=\toks19
\row@=\count194
\column@=\count195
\maxfields@=\count196
\andhelp@=\toks20
\eqnshift@=\dimen145
\alignsep@=\dimen146
\tagshift@=\dimen147
\tagwidth@=\dimen148
\totwidth@=\dimen149
\lineht@=\dimen150
\@envbody=\toks21
\multlinegap=\skip48
\multlinetaggap=\skip49
\mathdisplay@stack=\toks22
LaTeX Info: Redefining \[ on input line 2938.
LaTeX Info: Redefining \] on input line 2939.
)
Document Class 'acm_proc_article-sp' <24th. Feb. '00>. Modified by G.K.M. Tobin
Based in part upon document Style `acmconf' <22 May 89>. Hacked 4/91 by
shivers@cs.cmu.edu, 4/93 by theobald@cs.mcgill.ca
Excerpts were taken from (Journal Style) 'esub2acm.cls'.
****** Bugs/comments/suggestions to Gerry Murray -- murray@hq.acm.org ******
\footheight=\dimen151
\@maxsep=\dimen152
\@dblmaxsep=\dimen153
\aucount=\count197
\originalaucount=\count198
\auwidth=\dimen154
\auskip=\dimen155
\auskipcount=\count199
\auskip=\dimen156
\allauboxes=\dimen157
\addauthors=\toks23
\addauflag=\count266
\subtitletext=\toks24
\savesection=\count267
\sectioncntr=\count268
\c@figure=\count269
\c@table=\count270
\titleboxnotes=\toks25
\titleboxnoteflag=\count271
Document Class: acm_proc_article-sp 2000/02/24 - V2.01SP - based on esub2acm.sty <23 April 96>
(/usr/share/texlive/texmf-dist/tex/latex/base/latexsym.sty
Package: latexsym 1998/08/17 v2.2e Standard LaTeX package (lasy symbols)
\symlasy=\mathgroup6
LaTeX Font Info:    Overwriting symbol font `lasy' in version `bold'
(Font)                  U/lasy/m/n --> U/lasy/b/n on input line 52.
)
\@acmtitlebox=\box52
\titlenotecount=\count272
\tntoks=\toks26
\tntokstwo=\toks27
\tntoksthree=\toks28
\tntoksfour=\toks29
\tntoksfive=\toks30
\catcount=\count273
\conf=\toks31
\confinfo=\toks32
\c@part=\count274
\c@section=\count275
\c@subsection=\count276
\c@subsubsection=\count277
\c@paragraph=\count278

Using 'Abbrev' bibliography style
\bibindent=\dimen158
\colcntr=\count279
\savebox=\box53
\copyrtyr=\toks33
\acmcopyr=\toks34
\boilerplate=\toks35
\copyrightetc=\toks36
) (/usr/share/texlive/texmf-dist/tex/latex/url/url.sty
\Urlmuskip=\muskip17
Package: url 2013/09/16  ver 3.4  Verb mode for urls, etc.
) (/usr/share/texlive/texmf-dist/tex/latex/booktabs/booktabs.sty
Package: booktabs 2020/01/12 v1.61803398 Publication quality tables
\heavyrulewidth=\dimen159
\lightrulewidth=\dimen160
\cmidrulewidth=\dimen161
\belowrulesep=\dimen162
\belowbottomsep=\dimen163
\aboverulesep=\dimen164
\abovetopsep=\dimen165
\cmidrulesep=\dimen166
\cmidrulekern=\dimen167
\defaultaddspace=\dimen168
\@cmidla=\count280
\@cmidlb=\count281
\@aboverulesep=\dimen169
\@belowrulesep=\dimen170
\@thisruleclass=\count282
\@lastruleclass=\count283
\@thisrulewidth=\dimen171
) (/usr/share/texlive/texmf-dist/tex/latex/multirow/multirow.sty
Package: multirow 2021/03/15 v2.8 Span multiple rows of a table
\multirow@colwidth=\skip50
\multirow@cntb=\count284
\multirow@dima=\skip51
\bigstrutjot=\dimen172
) (/usr/share/texlive/texmf-dist/tex/latex/l3backend/l3backend-pdftex.def
File: l3backend-pdftex.def 2022-01-12 L3 backend support: PDF output (pdfTeX)
\l__color_backend_stack_int=\count285
\l__pdf_internal_box=\box54
) (./PA2_Juan_dela_Cruz.aux)
\openout1 = `PA2_Juan_dela_Cruz.aux'.

LaTeX Font Info:    Checking defaults for OML/cmm/m/it on input line 6.
LaTeX Font Info:    ... okay on input line 6.
LaTeX Font Info:    Checking defaults for OMS/cmsy/m/n on input line 6.
LaTeX Font Info:    ... okay on input line 6.
LaTeX Font Info:    Checking defaults for OT1/cmr/m/n on input line 6.
LaTeX Font Info:    ... okay on input line 6.
LaTeX Font Info:    Checking defaults for T1/cmr/m/n on input line 6.
LaTeX Font Info:    ... okay on input line 6.
LaTeX Font Info:    Checking defaults for TS1/cmr/m/n on input line 6.
LaTeX Font Info:    ... okay on input line 6.
LaTeX Font Info:    Checking defaults for OMX/cmex/m/n on input line 6.
LaTeX Font Info:    ... okay on input line 6.
LaTeX Font Info:    Checking defaults for U/cmr/m/n on input line 6.
LaTeX Font Info:    ... okay on input line 6.
 (/usr/share/texlive/texmf-dist/tex/context/base/mkii/supp-pdf.mkii
[Loading MPS to PDF converter (version 2006.09.02).]
\scratchcounter=\count286
\scratchdimen=\dimen173
\scratchbox=\box55
\nofMPsegments=\count287
\nofMParguments=\count288
\everyMPshowfont=\toks37
\MPscratchCnt=\count289
\MPscratchDim=\dimen174
\MPnumerator=\count290
\makeMPintoPDFobject=\count291
\everyMPtoPDFconversion=\toks38
) (/usr/share/texlive/texmf-dist/tex/latex/epstopdf-pkg/epstopdf-base.sty
Package: epstopdf-base 2020-01-24 v2.11 Base part for package epstopdf
Package epstopdf-base Info: Redefining graphics rule for `.eps' on input line 485.
 (/usr/share/texlive/texmf-dist/tex/latex/latexconfig/epstopdf-sys.cfg
File: epstopdf-sys.cfg 2010/07/13 v1.3 Configuration of (r)epstopdf for TeX Live
))
LaTeX Font Info:    Trying to load font information for U+msa on input line 26.
 (/usr/share/texlive/texmf-dist/tex/latex/amsfonts/umsa.fd
File: umsa.fd 2013/01/14 v3.01 AMS symbols A
)
LaTeX Font Info:    Trying to load font information for U+msb on input line 26.
 (/usr/share/texlive/texmf-dist/tex/latex/amsfonts/umsb.fd
File: umsb.fd 2013/01/14 v3.01 AMS symbols B
)
LaTeX Font Info:    Trying to load font information for U+lasy on input line 26.
 (/usr/share/texlive/texmf-dist/tex/latex/base/ulasy.fd
File: ulasy.fd 1998/08/17 v2.2e LaTeX symbol font definitions
) [1{/var/lib/texmf/fonts/map/pdftex/updmap/pdftex.map}


]
<results/class_imbalance.png, id=16, 419.166pt x 328.8285pt>
File: results/class_imbalance.png Graphic file (type png)
<use results/class_imbalance.png>
Package pdftex.def Info: results/class_imbalance.png  used on input line 132.
(pdftex.def)             Requested size: 113.40308pt x 88.9605pt.
<results/smote.png, id=18, 419.166pt x 328.8285pt>
File: results/smote.png Graphic file (type png)
<use results/smote.png>
Package pdftex.def Info: results/smote.png  used on input line 133.
(pdftex.def)             Requested size: 113.40308pt x 88.9605pt.
 [2 <./results/class_imbalance.png> <./results/smote.png>]
Overfull \hbox (3.17526pt too wide) in paragraph at lines 180--181
\OT1/cmr/m/n/9 Net-work as Tanh Net-work and the Leaky ReLU-Leaky ReLU-
 []

<results/ttl_vs_lll.png, id=25, 611.4042pt x 395.3169pt>
File: results/ttl_vs_lll.png Graphic file (type png)
<use results/ttl_vs_lll.png>
Package pdftex.def Info: results/ttl_vs_lll.png  used on input line 184.
(pdftex.def)             Requested size: 239.40308pt x 154.79427pt.

Overfull \hbox (1.3188pt too wide) in paragraph at lines 190--191
\OT1/cmr/m/n/9 Leaky ReLU net-works are plot-ted against vary-ing mini-batch
 []

<results/trainingTime_vs_batch.png, id=26, 505.89pt x 343.2825pt>
File: results/trainingTime_vs_batch.png Graphic file (type png)
<use results/trainingTime_vs_batch.png>
Package pdftex.def Info: results/trainingTime_vs_batch.png  used on input line 194.
(pdftex.def)             Requested size: 239.40308pt x 162.45325pt.

LaTeX Warning: `h' float specifier changed to `ht'.

<results/lr_vs_error.png, id=27, 505.89pt x 339.669pt>
File: results/lr_vs_error.png Graphic file (type png)
<use results/lr_vs_error.png>
Package pdftex.def Info: results/lr_vs_error.png  used on input line 209.
(pdftex.def)             Requested size: 239.40308pt x 160.74323pt.
<results/new_error_lr_curves.png, id=28, 752.8125pt x 587.19376pt>
File: results/new_error_lr_curves.png Graphic file (type png)
<use results/new_error_lr_curves.png>
Package pdftex.def Info: results/new_error_lr_curves.png  used on input line 218.
(pdftex.def)             Requested size: 239.40308pt x 186.7321pt.

LaTeX Warning: `h' float specifier changed to `ht'.

[3 <./results/ttl_vs_lll.png> <./results/trainingTime_vs_batch.png> <./results/lr_vs_error.png>]
<results/momentum_vs_error.png, id=36, 505.89pt x 339.669pt>
File: results/momentum_vs_error.png Graphic file (type png)
<use results/momentum_vs_error.png>
Package pdftex.def Info: results/momentum_vs_error.png  used on input line 230.
(pdftex.def)             Requested size: 239.40308pt x 160.74323pt.
<results/new_error_momentum_curves.png, id=37, 752.8125pt x 587.19376pt>
File: results/new_error_momentum_curves.png Graphic file (type png)
<use results/new_error_momentum_curves.png>
Package pdftex.def Info: results/new_error_momentum_curves.png  used on input line 239.
(pdftex.def)             Requested size: 239.40308pt x 186.7321pt.


LaTeX Warning: `h' float specifier changed to `ht'.

<results/error_vs_layers.png, id=38, 617.9085pt x 395.3169pt>
File: results/error_vs_layers.png Graphic file (type png)
<use results/error_vs_layers.png>
Package pdftex.def Info: results/error_vs_layers.png  used on input line 256.
(pdftex.def)             Requested size: 239.40308pt x 153.15958pt.

LaTeX Warning: `h' float specifier changed to `ht'.


LaTeX Warning: `h' float specifier changed to `ht'.


Underfull \hbox (badness 2229) in paragraph at lines 308--308
[]\OT1/cmr/bx/n/9 Table 4: Per-for-mance Met-rics: Leaky-Leaky-
 []


LaTeX Warning: `h' float specifier changed to `ht'.


LaTeX Warning: `h' float specifier changed to `ht'.

<results/tanh_conf_matrix.png, id=39, 382.3083pt x 426.393pt>
File: results/tanh_conf_matrix.png Graphic file (type png)
<use results/tanh_conf_matrix.png>
Package pdftex.def Info: results/tanh_conf_matrix.png  used on input line 341.
(pdftex.def)             Requested size: 239.40308pt x 267.01546pt.

LaTeX Warning: `h' float specifier changed to `ht'.

<results/leaky_conf_matrix.png, id=40, 382.3083pt x 426.393pt>
File: results/leaky_conf_matrix.png Graphic file (type png)
<use results/leaky_conf_matrix.png>
Package pdftex.def Info: results/leaky_conf_matrix.png  used on input line 349.
(pdftex.def)             Requested size: 239.40308pt x 267.01546pt.

LaTeX Warning: `h' float specifier changed to `ht'.

[4 <./results/new_error_lr_curves.png (PNG copy)> <./results/momentum_vs_error.png> <./results/new_error_momentum_curves.png (PNG copy)> <./results/error_vs_layers.png>]
Underfull \hbox (badness 10000) in paragraph at lines 372--373

 []

[5] [6 <./results/tanh_conf_matrix.png> <./results/leaky_conf_matrix.png>] [7

] (./PA2_Juan_dela_Cruz.aux) ) 
Here is how much of TeX's memory you used:
 2980 strings out of 480247
 45284 string characters out of 5896152
 346380 words of memory out of 5000000
 20880 multiletter control sequences out of 15000+600000
 488806 words of font info for 69 fonts, out of 8000000 for 9000
 14 hyphenation exceptions out of 8191
 85i,11n,90p,980b,286s stack positions out of 5000i,500n,10000p,200000b,80000s
{/usr/share/texlive/texmf-dist/fonts/enc/dvips/base/8r.enc}</usr/share/texlive/texmf-dist/fonts/type1/public/amsfonts/cm/cmbx9.pfb></usr/share/texlive/texmf-dist/fonts/type1/public/amsfonts/cmextra/cmex9.pfb></usr/share/texlive/texmf-dist/fonts/type1/public/amsfonts/cm/cmmi6.pfb></usr/share/texlive/texmf-dist/fonts/type1/public/amsfonts/cm/cmmi9.pfb></usr/share/texlive/texmf-dist/fonts/type1/public/amsfonts/cm/cmr6.pfb></usr/share/texlive/texmf-dist/fonts/type1/public/amsfonts/cm/cmr9.pfb></usr/share/texlive/texmf-dist/fonts/type1/public/amsfonts/cm/cmsy6.pfb></usr/share/texlive/texmf-dist/fonts/type1/public/amsfonts/cm/cmsy9.pfb></usr/share/texlive/texmf-dist/fonts/type1/public/amsfonts/cm/cmti9.pfb></usr/share/texlive/texmf-dist/fonts/type1/public/amsfonts/cm/cmtt9.pfb></usr/share/texlive/texmf-dist/fonts/type1/urw/helvetic/uhvb8a.pfb></usr/share/texlive/texmf-dist/fonts/type1/urw/helvetic/uhvr8a.pfb></usr/share/texlive/texmf-dist/fonts/type1/urw/times/utmb8a.pfb></usr/share/texlive/texmf-dist/fonts/type1/urw/times/utmri8a.pfb>
Output written on PA2_Juan_dela_Cruz.pdf (7 pages, 811921 bytes).
PDF statistics:
 120 PDF objects out of 1000 (max. 8388607)
 62 compressed objects within 1 object stream
 0 named destinations out of 1000 (max. 500000)
 56 words of extra memory for PDF output out of 10000 (max. 10000000)

